mode: set
github.com/zhangchl007/nodetaintshandler/main.go:19.13,25.16 4 0
github.com/zhangchl007/nodetaintshandler/main.go:25.16,27.3 1 0
github.com/zhangchl007/nodetaintshandler/main.go:30.2,31.16 2 0
github.com/zhangchl007/nodetaintshandler/main.go:31.16,33.3 1 0
github.com/zhangchl007/nodetaintshandler/main.go:36.2,40.41 3 0
github.com/zhangchl007/nodetaintshandler/main.go:40.41,43.13 3 0
github.com/zhangchl007/nodetaintshandler/main.go:43.13,46.60 2 0
github.com/zhangchl007/nodetaintshandler/main.go:46.60,48.5 1 0
github.com/zhangchl007/nodetaintshandler/main.go:53.2,53.75 1 0
github.com/zhangchl007/nodetaintshandler/main.go:53.75,53.120 2 0
github.com/zhangchl007/nodetaintshandler/main.go:54.2,54.74 1 0
github.com/zhangchl007/nodetaintshandler/main.go:54.74,54.122 2 0
github.com/zhangchl007/nodetaintshandler/main.go:57.2,57.12 1 0
github.com/zhangchl007/nodetaintshandler/main.go:57.12,62.3 4 0
github.com/zhangchl007/nodetaintshandler/main.go:64.2,66.9 2 0
github.com/zhangchl007/nodetaintshandler/pkg/webhook/node_webhook.go:26.57,28.16 2 1
github.com/zhangchl007/nodetaintshandler/pkg/webhook/node_webhook.go:28.16,31.3 2 0
github.com/zhangchl007/nodetaintshandler/pkg/webhook/node_webhook.go:32.2,33.54 2 1
github.com/zhangchl007/nodetaintshandler/pkg/webhook/node_webhook.go:33.54,36.3 2 1
github.com/zhangchl007/nodetaintshandler/pkg/webhook/node_webhook.go:37.2,37.65 1 1
github.com/zhangchl007/nodetaintshandler/pkg/webhook/node_webhook.go:37.65,40.3 2 1
github.com/zhangchl007/nodetaintshandler/pkg/webhook/node_webhook.go:41.2,41.52 1 1
github.com/zhangchl007/nodetaintshandler/pkg/webhook/node_webhook.go:41.52,45.3 2 1
github.com/zhangchl007/nodetaintshandler/pkg/webhook/node_webhook.go:47.2,48.72 2 1
github.com/zhangchl007/nodetaintshandler/pkg/webhook/node_webhook.go:48.72,51.3 2 0
github.com/zhangchl007/nodetaintshandler/pkg/webhook/node_webhook.go:53.2,53.35 1 1
github.com/zhangchl007/nodetaintshandler/pkg/webhook/node_webhook.go:53.35,56.3 2 1
github.com/zhangchl007/nodetaintshandler/pkg/webhook/node_webhook.go:59.2,59.65 1 1
github.com/zhangchl007/nodetaintshandler/pkg/webhook/node_webhook.go:59.65,63.3 3 1
github.com/zhangchl007/nodetaintshandler/pkg/webhook/node_webhook.go:65.2,66.32 2 1
github.com/zhangchl007/nodetaintshandler/pkg/webhook/node_webhook.go:66.32,76.3 1 1
github.com/zhangchl007/nodetaintshandler/pkg/webhook/node_webhook.go:76.8,86.3 1 1
github.com/zhangchl007/nodetaintshandler/pkg/webhook/node_webhook.go:87.2,88.35 2 1
github.com/zhangchl007/nodetaintshandler/pkg/webhook/node_webhook.go:91.86,94.23 3 1
github.com/zhangchl007/nodetaintshandler/pkg/webhook/node_webhook.go:94.23,96.3 1 1
github.com/zhangchl007/nodetaintshandler/pkg/webhook/node_webhook.go:97.2,108.14 4 1
github.com/zhangchl007/nodetaintshandler/pkg/webhook/node_webhook.go:111.85,113.23 2 1
github.com/zhangchl007/nodetaintshandler/pkg/webhook/node_webhook.go:113.23,115.3 1 1
github.com/zhangchl007/nodetaintshandler/pkg/webhook/node_webhook.go:116.2,128.14 4 1
github.com/zhangchl007/nodetaintshandler/pkg/webhook/node_webhook.go:132.35,135.2 2 0
github.com/zhangchl007/nodetaintshandler/pkg/startup/controller.go:25.61,27.2 1 1
github.com/zhangchl007/nodetaintshandler/pkg/startup/controller.go:29.48,36.53 4 0
github.com/zhangchl007/nodetaintshandler/pkg/startup/controller.go:36.53,38.36 2 0
github.com/zhangchl007/nodetaintshandler/pkg/startup/controller.go:38.36,40.5 1 0
github.com/zhangchl007/nodetaintshandler/pkg/startup/controller.go:41.4,41.41 1 0
github.com/zhangchl007/nodetaintshandler/pkg/startup/controller.go:45.2,53.42 6 0
github.com/zhangchl007/nodetaintshandler/pkg/startup/controller.go:53.42,55.3 1 0
github.com/zhangchl007/nodetaintshandler/pkg/startup/controller.go:57.2,57.8 1 0
github.com/zhangchl007/nodetaintshandler/pkg/startup/controller.go:60.49,62.9 2 1
github.com/zhangchl007/nodetaintshandler/pkg/startup/controller.go:62.9,64.3 1 0
github.com/zhangchl007/nodetaintshandler/pkg/startup/controller.go:65.2,65.54 1 1
github.com/zhangchl007/nodetaintshandler/pkg/startup/controller.go:65.54,67.3 1 0
github.com/zhangchl007/nodetaintshandler/pkg/startup/controller.go:68.2,68.27 1 1
github.com/zhangchl007/nodetaintshandler/pkg/startup/controller.go:68.27,70.3 1 0
github.com/zhangchl007/nodetaintshandler/pkg/startup/controller.go:72.2,73.16 2 1
github.com/zhangchl007/nodetaintshandler/pkg/startup/controller.go:73.16,75.3 1 0
github.com/zhangchl007/nodetaintshandler/pkg/startup/controller.go:76.2,76.24 1 1
github.com/zhangchl007/nodetaintshandler/pkg/startup/controller.go:76.24,78.3 1 1
github.com/zhangchl007/nodetaintshandler/pkg/startup/controller.go:81.50,83.9 2 1
github.com/zhangchl007/nodetaintshandler/pkg/startup/controller.go:83.9,85.3 1 0
github.com/zhangchl007/nodetaintshandler/pkg/startup/controller.go:86.2,86.28 1 1
github.com/zhangchl007/nodetaintshandler/pkg/startup/controller.go:86.28,88.3 1 0
github.com/zhangchl007/nodetaintshandler/pkg/startup/controller.go:89.2,90.16 2 1
github.com/zhangchl007/nodetaintshandler/pkg/startup/controller.go:90.16,93.3 2 0
github.com/zhangchl007/nodetaintshandler/pkg/startup/controller.go:94.2,94.12 1 1
github.com/zhangchl007/nodetaintshandler/pkg/startup/controller.go:94.12,96.3 1 1
github.com/zhangchl007/nodetaintshandler/pkg/startup/controller.go:97.2,97.51 1 1
github.com/zhangchl007/nodetaintshandler/pkg/startup/controller.go:97.51,99.3 1 0
github.com/zhangchl007/nodetaintshandler/pkg/startup/controller.go:99.8,101.3 1 1
github.com/zhangchl007/nodetaintshandler/pkg/startup/controller.go:104.46,105.37 1 1
github.com/zhangchl007/nodetaintshandler/pkg/startup/controller.go:105.37,106.93 1 1
github.com/zhangchl007/nodetaintshandler/pkg/startup/controller.go:106.93,108.4 1 1
github.com/zhangchl007/nodetaintshandler/pkg/startup/controller.go:110.2,110.14 1 1
github.com/zhangchl007/nodetaintshandler/pkg/startup/controller.go:113.69,115.25 1 1
github.com/zhangchl007/nodetaintshandler/pkg/startup/controller.go:115.25,117.26 2 0
github.com/zhangchl007/nodetaintshandler/pkg/startup/controller.go:117.26,119.56 2 0
github.com/zhangchl007/nodetaintshandler/pkg/startup/controller.go:119.56,120.13 1 0
github.com/zhangchl007/nodetaintshandler/pkg/startup/controller.go:122.4,122.80 1 0
github.com/zhangchl007/nodetaintshandler/pkg/startup/controller.go:122.80,124.5 1 0
github.com/zhangchl007/nodetaintshandler/pkg/startup/controller.go:125.4,126.50 2 0
github.com/zhangchl007/nodetaintshandler/pkg/startup/controller.go:126.50,127.18 1 0
github.com/zhangchl007/nodetaintshandler/pkg/startup/controller.go:127.18,129.11 2 0
github.com/zhangchl007/nodetaintshandler/pkg/startup/controller.go:132.4,132.17 1 0
github.com/zhangchl007/nodetaintshandler/pkg/startup/controller.go:132.17,133.13 1 0
github.com/zhangchl007/nodetaintshandler/pkg/startup/controller.go:135.4,135.45 1 0
github.com/zhangchl007/nodetaintshandler/pkg/startup/controller.go:135.45,136.76 1 0
github.com/zhangchl007/nodetaintshandler/pkg/startup/controller.go:136.76,138.6 1 0
github.com/zhangchl007/nodetaintshandler/pkg/startup/controller.go:141.3,141.20 1 0
github.com/zhangchl007/nodetaintshandler/pkg/startup/controller.go:144.2,148.16 2 1
github.com/zhangchl007/nodetaintshandler/pkg/startup/controller.go:148.16,150.3 1 1
github.com/zhangchl007/nodetaintshandler/pkg/startup/controller.go:151.2,151.31 1 1
github.com/zhangchl007/nodetaintshandler/pkg/startup/controller.go:151.31,152.34 1 1
github.com/zhangchl007/nodetaintshandler/pkg/startup/controller.go:152.34,153.12 1 1
github.com/zhangchl007/nodetaintshandler/pkg/startup/controller.go:155.3,155.79 1 1
github.com/zhangchl007/nodetaintshandler/pkg/startup/controller.go:155.79,157.4 1 1
github.com/zhangchl007/nodetaintshandler/pkg/startup/controller.go:158.3,160.49 3 1
github.com/zhangchl007/nodetaintshandler/pkg/startup/controller.go:160.49,161.17 1 1
github.com/zhangchl007/nodetaintshandler/pkg/startup/controller.go:161.17,163.10 2 1
github.com/zhangchl007/nodetaintshandler/pkg/startup/controller.go:166.3,166.44 1 1
github.com/zhangchl007/nodetaintshandler/pkg/startup/controller.go:166.44,167.75 1 1
github.com/zhangchl007/nodetaintshandler/pkg/startup/controller.go:167.75,169.10 2 1
github.com/zhangchl007/nodetaintshandler/pkg/startup/controller.go:172.3,172.28 1 1
github.com/zhangchl007/nodetaintshandler/pkg/startup/controller.go:172.28,174.4 1 1
github.com/zhangchl007/nodetaintshandler/pkg/startup/controller.go:176.2,176.19 1 1
github.com/zhangchl007/nodetaintshandler/pkg/startup/controller.go:179.66,180.66 1 1
github.com/zhangchl007/nodetaintshandler/pkg/startup/controller.go:180.66,182.17 2 1
github.com/zhangchl007/nodetaintshandler/pkg/startup/controller.go:182.17,184.4 1 0
github.com/zhangchl007/nodetaintshandler/pkg/startup/controller.go:185.3,187.35 3 1
github.com/zhangchl007/nodetaintshandler/pkg/startup/controller.go:187.35,188.94 1 1
github.com/zhangchl007/nodetaintshandler/pkg/startup/controller.go:188.94,190.13 2 1
github.com/zhangchl007/nodetaintshandler/pkg/startup/controller.go:192.4,192.36 1 0
github.com/zhangchl007/nodetaintshandler/pkg/startup/controller.go:194.3,194.15 1 1
github.com/zhangchl007/nodetaintshandler/pkg/startup/controller.go:194.15,196.4 1 0
github.com/zhangchl007/nodetaintshandler/pkg/startup/controller.go:197.3,198.27 2 1
github.com/zhangchl007/nodetaintshandler/pkg/startup/controller.go:198.27,200.4 1 1
github.com/zhangchl007/nodetaintshandler/pkg/startup/controller.go:201.3,203.13 3 1
github.com/zhangchl007/nodetaintshandler/pkg/startup/controller.go:207.38,209.16 2 1
github.com/zhangchl007/nodetaintshandler/pkg/startup/controller.go:209.16,212.3 2 0
github.com/zhangchl007/nodetaintshandler/pkg/startup/controller.go:213.2,213.29 1 1
github.com/zhangchl007/nodetaintshandler/pkg/startup/controller.go:213.29,215.25 2 1
github.com/zhangchl007/nodetaintshandler/pkg/startup/controller.go:215.25,216.12 1 0
github.com/zhangchl007/nodetaintshandler/pkg/startup/controller.go:219.3,219.82 1 1
github.com/zhangchl007/nodetaintshandler/pkg/startup/controller.go:219.82,220.12 1 0
github.com/zhangchl007/nodetaintshandler/pkg/startup/controller.go:223.3,223.32 1 1
github.com/zhangchl007/nodetaintshandler/pkg/startup/controller.go:223.32,224.12 1 1
github.com/zhangchl007/nodetaintshandler/pkg/startup/controller.go:226.3,227.104 2 1
github.com/zhangchl007/nodetaintshandler/pkg/startup/controller.go:227.104,229.4 1 0
github.com/zhangchl007/nodetaintshandler/pkg/startup/controller.go:229.9,231.4 1 1
github.com/zhangchl007/nodetaintshandler/pkg/startup/controller.go:235.60,236.25 1 1
github.com/zhangchl007/nodetaintshandler/pkg/startup/controller.go:236.25,238.26 2 0
github.com/zhangchl007/nodetaintshandler/pkg/startup/controller.go:238.26,241.50 3 0
github.com/zhangchl007/nodetaintshandler/pkg/startup/controller.go:241.50,243.5 1 0
github.com/zhangchl007/nodetaintshandler/pkg/startup/controller.go:245.3,245.15 1 0
github.com/zhangchl007/nodetaintshandler/pkg/startup/controller.go:248.2,251.16 2 1
github.com/zhangchl007/nodetaintshandler/pkg/startup/controller.go:251.16,253.3 1 0
github.com/zhangchl007/nodetaintshandler/pkg/startup/controller.go:254.2,254.31 1 1
github.com/zhangchl007/nodetaintshandler/pkg/startup/controller.go:254.31,255.67 1 1
github.com/zhangchl007/nodetaintshandler/pkg/startup/controller.go:255.67,257.4 1 1
github.com/zhangchl007/nodetaintshandler/pkg/startup/controller.go:259.2,259.14 1 1
github.com/zhangchl007/nodetaintshandler/pkg/startup/handler_helpers.go:6.80,9.43 1 1
github.com/zhangchl007/nodetaintshandler/pkg/startup/handler_helpers.go:9.43,9.57 1 1
